   1               		.file	"main.c"
   2               	__SREG__ = 0x3f
   3               	__SP_H__ = 0x3e
   4               	__SP_L__ = 0x3d
   5               	__CCP__  = 0x34
   6               	__tmp_reg__ = 0
   7               	__zero_reg__ = 1
  15               	.Ltext0:
  16               	.global	main
  18               	main:
  19               	.LFB6:
  20               	.LM1:
  21               	/* prologue: function */
  22               	/* frame size = 0 */
  23               	.LM2:
  24               	/* #APP */
  25               	 ;  26 "main.c" 1
  26 0000 7894      		sei
  27               	 ;  0 "" 2
  28               	/* #NOAPP */
  29               	.L2:
  30 0002 00C0      		rjmp .L2
  31               	.LFE6:
  57               	.Letext0:
DEFINED SYMBOLS
                            *ABS*:00000000 main.c
C:\Users\BILLBA~1\AppData\Local\Temp/ccgivHRW.s:2      *ABS*:0000003f __SREG__
C:\Users\BILLBA~1\AppData\Local\Temp/ccgivHRW.s:3      *ABS*:0000003e __SP_H__
C:\Users\BILLBA~1\AppData\Local\Temp/ccgivHRW.s:4      *ABS*:0000003d __SP_L__
C:\Users\BILLBA~1\AppData\Local\Temp/ccgivHRW.s:5      *ABS*:00000034 __CCP__
C:\Users\BILLBA~1\AppData\Local\Temp/ccgivHRW.s:6      *ABS*:00000000 __tmp_reg__
C:\Users\BILLBA~1\AppData\Local\Temp/ccgivHRW.s:7      *ABS*:00000001 __zero_reg__
C:\Users\BILLBA~1\AppData\Local\Temp/ccgivHRW.s:18     .text:00000000 main

NO UNDEFINED SYMBOLS
