   1               		.file	"main.c"
   2               	__SREG__ = 0x3f
   3               	__SP_H__ = 0x3e
   4               	__SP_L__ = 0x3d
   5               	__CCP__  = 0x34
   6               	__tmp_reg__ = 0
   7               	__zero_reg__ = 1
  15               	.Ltext0:
  16               	.global	main
  18               	main:
  19               	.LFB6:
  20               	.LM1:
  21               	/* prologue: function */
  22               	/* frame size = 0 */
  23               	.LM2:
  24 0000 00D0      		rcall adc_init
  25               	.LM3:
  26 0002 00D0      		rcall USI_SPI_initslave
  27               	.LM4:
  28               	/* #APP */
  29               	 ;  29 "main.c" 1
  30 0004 7894      		sei
  31               	 ;  0 "" 2
  32               	.LVL0:
  33               	/* #NOAPP */
  34               	.L6:
  35               	.LM5:
  36 0006 00D0      		rcall USI_SPI_getc
  37               	.LVL1:
  38               	.LM6:
  39 0008 B099      		sbic 54-32,0
  40 000a 00C0      		rjmp .L6
  41               	.LM7:
  42 000c 8235      		cpi r24,lo8(82)
  43               	.LVL2:
  44 000e 01F4      		brne .L6
  45               	.LM8:
  46 0010 8091 0000 		lds r24,RANGE
  47               	.LVL3:
  48 0014 00D0      		rcall USI_SPI_putc
  49               	.LM9:
  50 0016 00D0      		rcall USI_SPI_wait
  51 0018 00C0      		rjmp .L6
  52               	.LFE6:
  54               	.global	RANGE
  55               	.global	RANGE
  56               		.section .bss
  59               	RANGE:
  60 0000 00        		.skip 1,0
  85               	.Letext0:
DEFINED SYMBOLS
                            *ABS*:00000000 main.c
C:\Users\BILLBA~1\AppData\Local\Temp/ccZL9eHH.s:2      *ABS*:0000003f __SREG__
C:\Users\BILLBA~1\AppData\Local\Temp/ccZL9eHH.s:3      *ABS*:0000003e __SP_H__
C:\Users\BILLBA~1\AppData\Local\Temp/ccZL9eHH.s:4      *ABS*:0000003d __SP_L__
C:\Users\BILLBA~1\AppData\Local\Temp/ccZL9eHH.s:5      *ABS*:00000034 __CCP__
C:\Users\BILLBA~1\AppData\Local\Temp/ccZL9eHH.s:6      *ABS*:00000000 __tmp_reg__
C:\Users\BILLBA~1\AppData\Local\Temp/ccZL9eHH.s:7      *ABS*:00000001 __zero_reg__
C:\Users\BILLBA~1\AppData\Local\Temp/ccZL9eHH.s:18     .text:00000000 main
C:\Users\BILLBA~1\AppData\Local\Temp/ccZL9eHH.s:59     .bss:00000000 RANGE

UNDEFINED SYMBOLS
adc_init
USI_SPI_initslave
USI_SPI_getc
USI_SPI_putc
USI_SPI_wait
__do_clear_bss
