   1               		.file	"main.c"
   2               	__SREG__ = 0x3f
   3               	__SP_H__ = 0x3e
   4               	__SP_L__ = 0x3d
   5               	__CCP__  = 0x34
   6               	__tmp_reg__ = 0
   7               	__zero_reg__ = 1
  15               	.Ltext0:
  16               	.global	main
  18               	main:
  19               	.LFB6:
  20               	.LM1:
  21               	/* prologue: function */
  22               	/* frame size = 0 */
  23               	.LM2:
  24 0000 00D0      		rcall adc_init
  25               	.LM3:
  26 0002 00D0      		rcall USI_SPI_initslave
  27               	.LM4:
  28               	/* #APP */
  29               	 ;  29 "main.c" 1
  30 0004 7894      		sei
  31               	 ;  0 "" 2
  32               	/* #NOAPP */
  33               	.L6:
  34               	.LM5:
  35 0006 00D0      		rcall USI_SPI_getc
  36               	.LM6:
  37 0008 8A35      		cpi r24,lo8(90)
  38 000a 01F4      		brne .L6
  39               	.LM7:
  40 000c 8091 0000 		lds r24,Z_AXIS
  41 0010 00D0      		rcall USI_SPI_putc
  42               	.LM8:
  43 0012 00D0      		rcall USI_SPI_wait
  44 0014 00C0      		rjmp .L6
  45               	.LFE6:
  47               	.global	Z_AXIS
  48               	.global	Z_AXIS
  49               		.section .bss
  52               	Z_AXIS:
  53 0000 00        		.skip 1,0
  78               	.Letext0:
DEFINED SYMBOLS
                            *ABS*:00000000 main.c
C:\Users\BILLBA~1\AppData\Local\Temp/ccyn9odc.s:2      *ABS*:0000003f __SREG__
C:\Users\BILLBA~1\AppData\Local\Temp/ccyn9odc.s:3      *ABS*:0000003e __SP_H__
C:\Users\BILLBA~1\AppData\Local\Temp/ccyn9odc.s:4      *ABS*:0000003d __SP_L__
C:\Users\BILLBA~1\AppData\Local\Temp/ccyn9odc.s:5      *ABS*:00000034 __CCP__
C:\Users\BILLBA~1\AppData\Local\Temp/ccyn9odc.s:6      *ABS*:00000000 __tmp_reg__
C:\Users\BILLBA~1\AppData\Local\Temp/ccyn9odc.s:7      *ABS*:00000001 __zero_reg__
C:\Users\BILLBA~1\AppData\Local\Temp/ccyn9odc.s:18     .text:00000000 main
C:\Users\BILLBA~1\AppData\Local\Temp/ccyn9odc.s:52     .bss:00000000 Z_AXIS

UNDEFINED SYMBOLS
adc_init
USI_SPI_initslave
USI_SPI_getc
USI_SPI_putc
USI_SPI_wait
__do_clear_bss
